<?xml version="1.0" encoding="UTF-8"?>
<!-- Generated by org.testng.reporters.JUnitReportReporter -->
<testsuite hostname="BA-000487693" failures="0" tests="1" name="TestRunner.Cucumbertestngtestrunner" time="9.905" errors="0" timestamp="2024-12-06T14:58:36 IST" skipped="0">
  <testcase classname="TestRunner.Cucumbertestngtestrunner" name="runScenario" time="9.905"/>
</testsuite> <!-- TestRunner.Cucumbertestngtestrunner -->
