<?xml version="1.0" encoding="UTF-8"?>
<!-- Generated by org.testng.reporters.JUnitReportReporter -->
<testsuite hostname="BA-000487693" failures="0" tests="1" name="TestRunner.Cucumbertestngtestrunner" time="8.834" errors="0" timestamp="2024-12-04T13:58:49 IST" skipped="0">
  <testcase classname="TestRunner.Cucumbertestngtestrunner" name="runScenario" time="8.834"/>
</testsuite> <!-- TestRunner.Cucumbertestngtestrunner -->
